
**** Build of configuration Debug for project interrupt_changing_priorities ****

"C:\\ti\\ccsv6\\utils\\bin\\gmake" -k all 
'Building file: ../interrupt_changing_priorities.c'
'Invoking: MSP432 Compiler'
"C:/ti/ccsv6/tools/compiler/arm_15.12.3.LTS/bin/armcl" -mv7M4 --code_state=16 --float_support=FPv4SPD16 -me --include_path="C:/ti/ccsv6/ccs_base/arm/include/" --include_path="C:/ti/ccsv6/ccs_base/arm/include/CMSIS" --include_path="C:/Users/j45ch/workspace_v6_2/interrupt_changing_priorities" --include_path="C:/ti/tirex-content/msp/msp432ware__3.50.00.02/driverlib/driverlib/MSP432P4xx" --include_path="C:/ti/ccsv6/tools/compiler/arm_15.12.3.LTS/include/" --include_path="C:/ti/ccsv6/tools/compiler/arm_15.12.3.LTS/include" --advice:power=all -g --gcc --define=__MSP432P401R__ --define=TARGET_IS_MSP432P4XX --define=ccs --diag_wrap=off --diag_warning=225 --display_error_number --preproc_with_compile --preproc_dependency="interrupt_changing_priorities.d"  "../interrupt_changing_priorities.c"
'Finished building: ../interrupt_changing_priorities.c'
' '
'Building file: ../startup_msp432p401r_ccs.c'
'Invoking: MSP432 Compiler'
"C:/ti/ccsv6/tools/compiler/arm_15.12.3.LTS/bin/armcl" -mv7M4 --code_state=16 --float_support=FPv4SPD16 -me --include_path="C:/ti/ccsv6/ccs_base/arm/include/" --include_path="C:/ti/ccsv6/ccs_base/arm/include/CMSIS" --include_path="C:/Users/j45ch/workspace_v6_2/interrupt_changing_priorities" --include_path="C:/ti/tirex-content/msp/msp432ware__3.50.00.02/driverlib/driverlib/MSP432P4xx" --include_path="C:/ti/ccsv6/tools/compiler/arm_15.12.3.LTS/include/" --include_path="C:/ti/ccsv6/tools/compiler/arm_15.12.3.LTS/include" --advice:power=all -g --gcc --define=__MSP432P401R__ --define=TARGET_IS_MSP432P4XX --define=ccs --diag_wrap=off --diag_warning=225 --display_error_number --preproc_with_compile --preproc_dependency="startup_msp432p401r_ccs.d"  "../startup_msp432p401r_ccs.c"
'Finished building: ../startup_msp432p401r_ccs.c'
' '
'Building file: ../system_msp432p401r.c'
'Invoking: MSP432 Compiler'
"C:/ti/ccsv6/tools/compiler/arm_15.12.3.LTS/bin/armcl" -mv7M4 --code_state=16 --float_support=FPv4SPD16 -me --include_path="C:/ti/ccsv6/ccs_base/arm/include/" --include_path="C:/ti/ccsv6/ccs_base/arm/include/CMSIS" --include_path="C:/Users/j45ch/workspace_v6_2/interrupt_changing_priorities" --include_path="C:/ti/tirex-content/msp/msp432ware__3.50.00.02/driverlib/driverlib/MSP432P4xx" --include_path="C:/ti/ccsv6/tools/compiler/arm_15.12.3.LTS/include/" --include_path="C:/ti/ccsv6/tools/compiler/arm_15.12.3.LTS/include" --advice:power=all -g --gcc --define=__MSP432P401R__ --define=TARGET_IS_MSP432P4XX --define=ccs --diag_wrap=off --diag_warning=225 --display_error_number --preproc_with_compile --preproc_dependency="system_msp432p401r.d"  "../system_msp432p401r.c"
"../system_msp432p401r.c", line 114: remark #2623-D: (ULP 5.4) Detected an assignment to a type with size less than int. To avoid unnecessary sign extension, use int-sized types for local varaibles and convert to smaller types for static storage.
"../system_msp432p401r.c", line 162: remark #2623-D: (ULP 5.4) Detected an assignment to a type with size less than int. To avoid unnecessary sign extension, use int-sized types for local varaibles and convert to smaller types for static storage.
"../system_msp432p401r.c", line 195: remark #2623-D: (ULP 5.4) Detected an assignment to a type with size less than int. To avoid unnecessary sign extension, use int-sized types for local varaibles and convert to smaller types for static storage.
'Finished building: ../system_msp432p401r.c'
' '
'Building target: interrupt_changing_priorities.out'
'Invoking: MSP432 Linker'
"C:/ti/ccsv6/tools/compiler/arm_15.12.3.LTS/bin/armcl" -mv7M4 --code_state=16 --float_support=FPv4SPD16 -me --advice:power=all -g --gcc --define=__MSP432P401R__ --define=TARGET_IS_MSP432P4XX --define=ccs --diag_wrap=off --diag_warning=225 --display_error_number -z -m"interrupt_changing_priorities.map" --stack_size=512 -i"C:/ti/ccsv6/tools/compiler/arm_15.12.3.LTS/lib" -i"C:/ti/ccsv6/tools/compiler/arm_15.12.3.LTS/include" --reread_libs --diag_wrap=off --warn_sections --display_error_number --xml_link_info="interrupt_changing_priorities_linkInfo.xml" --rom_model -o "interrupt_changing_priorities.out" "./interrupt_changing_priorities.obj" "./startup_msp432p401r_ccs.obj" "./system_msp432p401r.obj" "../interrupt_changing_priorities_ccs.cmd" "C:/ti/tirex-content/msp/msp432ware__3.50.00.02/driverlib/driverlib/MSP432P4xx/ccs/msp432p4xx_driverlib.lib"  -llibc.a 
<Linking>
remark #10371-D: (ULP 1.1) Detected no uses of low power mode state changing instructions
remark #10372-D: (ULP 4.1) Detected uninitialized Port 1 in this project. Recommend initializing all unused ports to eliminate wasted current consumption on unused pins.
remark #10372-D: (ULP 4.1) Detected uninitialized Port 2 in this project. Recommend initializing all unused ports to eliminate wasted current consumption on unused pins.
remark #10372-D: (ULP 4.1) Detected uninitialized Port 3 in this project. Recommend initializing all unused ports to eliminate wasted current consumption on unused pins.
remark #10372-D: (ULP 4.1) Detected uninitialized Port 4 in this project. Recommend initializing all unused ports to eliminate wasted current consumption on unused pins.
remark #10372-D: (ULP 4.1) Detected uninitialized Port 5 in this project. Recommend initializing all unused ports to eliminate wasted current consumption on unused pins.
remark #10372-D: (ULP 4.1) Detected uninitialized Port 6 in this project. Recommend initializing all unused ports to eliminate wasted current consumption on unused pins.
remark #10372-D: (ULP 4.1) Detected uninitialized Port 7 in this project. Recommend initializing all unused ports to eliminate wasted current consumption on unused pins.
remark #10372-D: (ULP 4.1) Detected uninitialized Port 8 in this project. Recommend initializing all unused ports to eliminate wasted current consumption on unused pins.
remark #10372-D: (ULP 4.1) Detected uninitialized Port 9 in this project. Recommend initializing all unused ports to eliminate wasted current consumption on unused pins.
remark #10372-D: (ULP 4.1) Detected uninitialized Port 10 in this project. Recommend initializing all unused ports to eliminate wasted current consumption on unused pins.
'Finished building target: interrupt_changing_priorities.out'
' '
C:/ti/ccsv6/utils/tiobj2bin/tiobj2bin interrupt_changing_priorities.out interrupt_changing_priorities.bin C:/ti/ccsv6/tools/compiler/arm_15.12.3.LTS/bin/armofd C:/ti/ccsv6/tools/compiler/arm_15.12.3.LTS/bin/armhex C:/ti/ccsv6/utils/tiobj2bin/mkhex4bin
' '

**** Build Finished ****
